# JRE version: Java(TM) SE Runtime Environment (12.0.2+10) (build 12.0.2+10)
# Java VM: Java HotSpot(TM) 64-Bit Server VM (12.0.2+10, mixed mode, sharing, tiered, compressed oops, g1 gc, windows-amd64)
Heap:
 garbage-first heap   total 262144K, used 91981K [0x00000000e0000000, 0x0000000100000000)
  region size 1024K, 33 young (33792K), 15 survivors (15360K)
 Metaspace       used 59275K, capacity 61207K, committed 61552K, reserved 307200K
  class space    used 7793K, capacity 8387K, committed 8472K, reserved 253952K
GC Heap History (10 events):
Event: 15.794 GC heap before
{Heap before GC invocations=7 (full 0):
 garbage-first heap   total 262144K, used 131654K [0x00000000e0000000, 0x0000000100000000)
  region size 1024K, 98 young (100352K), 9 survivors (9216K)
 Metaspace       used 41721K, capacity 43148K, committed 43336K, reserved 292864K
  class space    used 5822K, capacity 6321K, committed 6348K, reserved 253952K
}
Event: 15.819 GC heap after
{Heap after GC invocations=8 (full 0):
 garbage-first heap   total 262144K, used 46703K [0x00000000e0000000, 0x0000000100000000)
  region size 1024K, 10 young (10240K), 10 survivors (10240K)
 Metaspace       used 41721K, capacity 43148K, committed 43336K, reserved 292864K
  class space    used 5822K, capacity 6321K, committed 6348K, reserved 253952K
}
Event: 19.597 GC heap before
{Heap before GC invocations=8 (full 0):
 garbage-first heap   total 262144K, used 169583K [0x00000000e0000000, 0x0000000100000000)
  region size 1024K, 130 young (133120K), 10 survivors (10240K)
 Metaspace       used 46007K, capacity 47647K, committed 47688K, reserved 294912K
  class space    used 6295K, capacity 6840K, committed 6860K, reserved 253952K
}
Event: 19.627 GC heap after
{Heap after GC invocations=9 (full 0):
 garbage-first heap   total 262144K, used 55665K [0x00000000e0000000, 0x0000000100000000)
  region size 1024K, 15 young (15360K), 15 survivors (15360K)
 Metaspace       used 46007K, capacity 47647K, committed 47688K, reserved 294912K
  class space    used 6295K, capacity 6840K, committed 6860K, reserved 253952K
}
Event: 21.690 GC heap before
{Heap before GC invocations=9 (full 0):
 garbage-first heap   total 262144K, used 179569K [0x00000000e0000000, 0x0000000100000000)
  region size 1024K, 136 young (139264K), 15 survivors (15360K)
 Metaspace       used 46778K, capacity 48284K, committed 48456K, reserved 296960K
  class space    used 6316K, capacity 6851K, committed 6860K, reserved 253952K
}
Event: 21.718 GC heap after
{Heap after GC invocations=10 (full 0):
 garbage-first heap   total 262144K, used 60061K [0x00000000e0000000, 0x0000000100000000)
  region size 1024K, 13 young (13312K), 13 survivors (13312K)
 Metaspace       used 46778K, capacity 48284K, committed 48456K, reserved 296960K
  class space    used 6316K, capacity 6851K, committed 6860K, reserved 253952K
}
Event: 24.764 GC heap before
{Heap before GC invocations=10 (full 0):
 garbage-first heap   total 262144K, used 187037K [0x00000000e0000000, 0x0000000100000000)
  region size 1024K, 137 young (140288K), 13 survivors (13312K)
 Metaspace       used 55552K, capacity 57246K, committed 57544K, reserved 305152K
  class space    used 7332K, capacity 7885K, committed 8012K, reserved 253952K
}
Event: 24.818 GC heap after
{Heap after GC invocations=11 (full 0):
 garbage-first heap   total 262144K, used 66818K [0x00000000e0000000, 0x0000000100000000)
  region size 1024K, 12 young (12288K), 12 survivors (12288K)
 Metaspace       used 55552K, capacity 57246K, committed 57544K, reserved 305152K
  class space    used 7332K, capacity 7885K, committed 8012K, reserved 253952K
}
Event: 26.621 GC heap before
{Heap before GC invocations=11 (full 0):
 garbage-first heap   total 262144K, used 138498K [0x00000000e0000000, 0x0000000100000000)
  region size 1024K, 83 young (84992K), 12 survivors (12288K)
 Metaspace       used 58156K, capacity 60000K, committed 60068K, reserved 307200K
  class space    used 7656K, capacity 8244K, committed 8268K, reserved 253952K
}
Event: 26.650 GC heap after
{Heap after GC invocations=12 (full 0):
 garbage-first heap   total 262144K, used 74573K [0x00000000e0000000, 0x0000000100000000)
  region size 1024K, 15 young (15360K), 15 survivors (15360K)
 Metaspace       used 58156K, capacity 60000K, committed 60068K, reserved 307200K
  class space    used 7656K, capacity 8244K, committed 8268K, reserved 253952K
}

